<?xml version="1.0" encoding="UTF-8"?>
<!-- Generated by org.testng.reporters.JUnitXMLReporter -->
<testsuite ignored="2" hostname="DESKTOP-K8U4OTN" failures="0" tests="1" name="Default test" time="0.096" errors="0" timestamp="2023-08-30T10:46:55 IST">
  <testcase classname="Patterns.Pattern14" name="pattern15" time="0.018"/>
  <testcase classname="Patterns.Pattern14" name="pattern14" time="0.0">
    <ignored/>
  </testcase> <!-- pattern14 -->
  <testcase classname="Patterns.Pattern14" name="pattern16" time="0.0">
    <ignored/>
  </testcase> <!-- pattern16 -->
</testsuite> <!-- Default test -->
