<?xml version="1.0" encoding="UTF-8"?>
<testng-results ignored="2" total="3" passed="1" failed="0" skipped="0">
  <reporter-output>
  </reporter-output>
  <suite started-at="2023-08-30T10:46:55 IST" name="Default suite" finished-at="2023-08-30T10:46:55 IST" duration-ms="96">
    <groups>
    </groups>
    <test started-at="2023-08-30T10:46:55 IST" name="Default test" finished-at="2023-08-30T10:46:55 IST" duration-ms="96">
      <class name="Patterns.Pattern14">
        <test-method signature="pattern15()[pri:0, instance:Patterns.Pattern14@6dbb137d]" started-at="2023-08-30T10:46:55 IST" name="pattern15" finished-at="2023-08-30T10:46:55 IST" duration-ms="18" status="PASS">
          <reporter-output>
          </reporter-output>
        </test-method> <!-- pattern15 -->
      </class> <!-- Patterns.Pattern14 -->
    </test> <!-- Default test -->
  </suite> <!-- Default suite -->
</testng-results>
